<?xml version="1.0" encoding="UTF-8"?>
<coverage generated="1727541501117" clover="3.2.0">
  <project timestamp="1727541501117" name="All files">
    <metrics statements="72" coveredstatements="72" conditionals="38" coveredconditionals="38" methods="5" coveredmethods="5" elements="115" coveredelements="115" complexity="0" loc="72" ncloc="72" packages="1" files="1" classes="1"/>
    <file name="miniMaple.js" path="C:\Users\LastHero\Desktop\JS\Js_TRUE_LAB2\cp_lesson4\src\miniMaple.js">
      <metrics statements="72" coveredstatements="72" conditionals="38" coveredconditionals="38" methods="5" coveredmethods="5"/>
      <line num="3" count="12" type="stmt"/>
      <line num="4" count="12" type="cond" truecount="2" falsecount="0"/>
      <line num="5" count="11" type="cond" truecount="4" falsecount="0"/>
      <line num="6" count="8" type="stmt"/>
      <line num="8" count="11" type="stmt"/>
      <line num="9" count="11" type="stmt"/>
      <line num="10" count="11" type="stmt"/>
      <line num="11" count="11" type="stmt"/>
      <line num="12" count="11" type="stmt"/>
      <line num="14" count="11" type="stmt"/>
      <line num="15" count="105" type="cond" truecount="2" falsecount="0"/>
      <line num="16" count="19" type="stmt"/>
      <line num="17" count="19" type="cond" truecount="3" falsecount="0"/>
      <line num="18" count="59" type="cond" truecount="4" falsecount="0"/>
      <line num="19" count="22" type="stmt"/>
      <line num="21" count="59" type="stmt"/>
      <line num="23" count="19" type="stmt"/>
      <line num="24" count="19" type="stmt"/>
      <line num="25" count="19" type="stmt"/>
      <line num="26" count="19" type="stmt"/>
      <line num="27" count="19" type="stmt"/>
      <line num="29" count="19" type="cond" truecount="3" falsecount="0"/>
      <line num="30" count="18" type="stmt"/>
      <line num="31" count="18" type="stmt"/>
      <line num="33" count="19" type="stmt"/>
      <line num="34" count="19" type="stmt"/>
      <line num="36" count="105" type="stmt"/>
      <line num="39" count="11" type="stmt"/>
      <line num="43" count="11" type="cond" truecount="2" falsecount="0"/>
      <line num="44" count="9" type="stmt"/>
      <line num="45" count="19" type="stmt"/>
      <line num="46" count="19" type="stmt"/>
      <line num="47" count="19" type="stmt"/>
      <line num="48" count="22" type="cond" truecount="2" falsecount="0"/>
      <line num="49" count="1" type="stmt"/>
      <line num="51" count="21" type="stmt"/>
      <line num="54" count="19" type="stmt"/>
      <line num="55" count="19" type="cond" truecount="2" falsecount="0"/>
      <line num="56" count="9" type="cond" truecount="2" falsecount="0"/>
      <line num="57" count="4" type="stmt"/>
      <line num="59" count="5" type="stmt"/>
      <line num="61" count="9" type="cond" truecount="2" falsecount="0"/>
      <line num="62" count="5" type="stmt"/>
      <line num="64" count="4" type="stmt"/>
      <line num="67" count="10" type="stmt"/>
      <line num="73" count="38" type="stmt"/>
      <line num="77" count="10" type="cond" truecount="2" falsecount="0"/>
      <line num="78" count="9" type="stmt"/>
      <line num="79" count="9" type="stmt"/>
      <line num="80" count="9" type="stmt"/>
      <line num="81" count="30" type="stmt"/>
      <line num="82" count="30" type="stmt"/>
      <line num="84" count="9" type="stmt"/>
      <line num="88" count="10" type="stmt"/>
      <line num="89" count="10" type="stmt"/>
      <line num="90" count="10" type="stmt"/>
      <line num="91" count="10" type="stmt"/>
      <line num="93" count="10" type="cond" truecount="2" falsecount="0"/>
      <line num="94" count="9" type="cond" truecount="2" falsecount="0"/>
      <line num="96" count="8" type="stmt"/>
      <line num="97" count="8" type="stmt"/>
      <line num="98" count="105" type="cond" truecount="2" falsecount="0"/>
      <line num="99" count="1" type="stmt"/>
      <line num="103" count="7" type="stmt"/>
      <line num="104" count="70" type="stmt"/>
      <line num="105" count="1820" type="stmt"/>
      <line num="106" count="1820" type="stmt"/>
      <line num="110" count="7" type="stmt"/>
      <line num="111" count="7" type="stmt"/>
      <line num="112" count="7" type="cond" truecount="2" falsecount="0"/>
      <line num="114" count="1" type="stmt"/>
      <line num="116" count="6" type="stmt"/>
    </file>
  </project>
</coverage>
