{"C:\\Users\\LastHero\\Desktop\\JS\\Js_TRUE_LAB2\\cp_lesson4\\src\\miniMaple.js": {"path":"C:\\Users\\LastHero\\Desktop\\JS\\Js_TRUE_LAB2\\cp_lesson4\\src\\miniMaple.js","statementMap":{"0":{"start":{"line":3,"column":8},"end":{"line":3,"column":38}},"1":{"start":{"line":4,"column":8},"end":{"line":4,"column":41}},"2":{"start":{"line":4,"column":31},"end":{"line":4,"column":41}},"3":{"start":{"line":5,"column":8},"end":{"line":7,"column":9}},"4":{"start":{"line":6,"column":12},"end":{"line":6,"column":30}},"5":{"start":{"line":8,"column":8},"end":{"line":8,"column":58}},"6":{"start":{"line":9,"column":8},"end":{"line":9,"column":58}},"7":{"start":{"line":10,"column":24},"end":{"line":10,"column":26}},"8":{"start":{"line":11,"column":16},"end":{"line":11,"column":17}},"9":{"start":{"line":12,"column":16},"end":{"line":12,"column":18}},"10":{"start":{"line":14,"column":8},"end":{"line":37,"column":9}},"11":{"start":{"line":15,"column":12},"end":{"line":35,"column":13}},"12":{"start":{"line":16,"column":27},"end":{"line":16,"column":28}},"13":{"start":{"line":17,"column":16},"end":{"line":22,"column":17}},"14":{"start":{"line":18,"column":20},"end":{"line":20,"column":21}},"15":{"start":{"line":19,"column":24},"end":{"line":19,"column":37}},"16":{"start":{"line":21,"column":20},"end":{"line":21,"column":24}},"17":{"start":{"line":23,"column":16},"end":{"line":23,"column":29}},"18":{"start":{"line":24,"column":16},"end":{"line":24,"column":51}},"19":{"start":{"line":25,"column":16},"end":{"line":25,"column":34}},"20":{"start":{"line":26,"column":16},"end":{"line":26,"column":27}},"21":{"start":{"line":27,"column":16},"end":{"line":27,"column":29}},"22":{"start":{"line":29,"column":16},"end":{"line":32,"column":17}},"23":{"start":{"line":30,"column":20},"end":{"line":30,"column":33}},"24":{"start":{"line":31,"column":20},"end":{"line":31,"column":24}},"25":{"start":{"line":33,"column":16},"end":{"line":33,"column":34}},"26":{"start":{"line":34,"column":16},"end":{"line":34,"column":23}},"27":{"start":{"line":36,"column":12},"end":{"line":36,"column":16}},"28":{"start":{"line":39,"column":8},"end":{"line":39,"column":25}},"29":{"start":{"line":43,"column":8},"end":{"line":43,"column":43}},"30":{"start":{"line":43,"column":33},"end":{"line":43,"column":43}},"31":{"start":{"line":44,"column":8},"end":{"line":72,"column":9}},"32":{"start":{"line":44,"column":21},"end":{"line":44,"column":22}},"33":{"start":{"line":45,"column":23},"end":{"line":45,"column":39}},"34":{"start":{"line":46,"column":23},"end":{"line":46,"column":25}},"35":{"start":{"line":47,"column":12},"end":{"line":53,"column":13}},"36":{"start":{"line":48,"column":16},"end":{"line":52,"column":17}},"37":{"start":{"line":49,"column":20},"end":{"line":49,"column":30}},"38":{"start":{"line":51,"column":20},"end":{"line":51,"column":30}},"39":{"start":{"line":54,"column":23},"end":{"line":54,"column":40}},"40":{"start":{"line":55,"column":12},"end":{"line":68,"column":13}},"41":{"start":{"line":56,"column":16},"end":{"line":60,"column":17}},"42":{"start":{"line":57,"column":20},"end":{"line":57,"column":110}},"43":{"start":{"line":59,"column":20},"end":{"line":59,"column":104}},"44":{"start":{"line":61,"column":16},"end":{"line":65,"column":17}},"45":{"start":{"line":62,"column":20},"end":{"line":62,"column":108}},"46":{"start":{"line":64,"column":20},"end":{"line":64,"column":45}},"47":{"start":{"line":67,"column":16},"end":{"line":67,"column":31}},"48":{"start":{"line":73,"column":8},"end":{"line":73,"column":48}},"49":{"start":{"line":73,"column":34},"end":{"line":73,"column":46}},"50":{"start":{"line":77,"column":8},"end":{"line":77,"column":40}},"51":{"start":{"line":77,"column":30},"end":{"line":77,"column":40}},"52":{"start":{"line":78,"column":8},"end":{"line":78,"column":41}},"53":{"start":{"line":79,"column":16},"end":{"line":79,"column":18}},"54":{"start":{"line":80,"column":8},"end":{"line":83,"column":9}},"55":{"start":{"line":81,"column":12},"end":{"line":81,"column":49}},"56":{"start":{"line":82,"column":12},"end":{"line":82,"column":27}},"57":{"start":{"line":84,"column":8},"end":{"line":84,"column":17}},"58":{"start":{"line":88,"column":32},"end":{"line":88,"column":60}},"59":{"start":{"line":89,"column":32},"end":{"line":89,"column":39}},"60":{"start":{"line":90,"column":23},"end":{"line":90,"column":35}},"61":{"start":{"line":91,"column":25},"end":{"line":91,"column":67}},"62":{"start":{"line":93,"column":8},"end":{"line":93,"column":40}},"63":{"start":{"line":93,"column":28},"end":{"line":93,"column":40}},"64":{"start":{"line":94,"column":8},"end":{"line":94,"column":38}},"65":{"start":{"line":94,"column":28},"end":{"line":94,"column":38}},"66":{"start":{"line":96,"column":8},"end":{"line":96,"column":46}},"67":{"start":{"line":97,"column":8},"end":{"line":101,"column":9}},"68":{"start":{"line":98,"column":12},"end":{"line":100,"column":13}},"69":{"start":{"line":99,"column":16},"end":{"line":99,"column":28}},"70":{"start":{"line":103,"column":8},"end":{"line":108,"column":9}},"71":{"start":{"line":104,"column":12},"end":{"line":107,"column":13}},"72":{"start":{"line":105,"column":16},"end":{"line":105,"column":75}},"73":{"start":{"line":106,"column":16},"end":{"line":106,"column":75}},"74":{"start":{"line":110,"column":26},"end":{"line":110,"column":42}},"75":{"start":{"line":111,"column":20},"end":{"line":111,"column":43}},"76":{"start":{"line":112,"column":8},"end":{"line":115,"column":9}},"77":{"start":{"line":114,"column":12},"end":{"line":114,"column":23}},"78":{"start":{"line":116,"column":8},"end":{"line":116,"column":35}}},"fnMap":{"0":{"name":"(anonymous_0)","decl":{"start":{"line":2,"column":4},"end":{"line":2,"column":5}},"loc":{"start":{"line":2,"column":24},"end":{"line":40,"column":5}},"line":2},"1":{"name":"(anonymous_1)","decl":{"start":{"line":42,"column":4},"end":{"line":42,"column":5}},"loc":{"start":{"line":42,"column":25},"end":{"line":74,"column":5}},"line":42},"2":{"name":"(anonymous_2)","decl":{"start":{"line":73,"column":29},"end":{"line":73,"column":30}},"loc":{"start":{"line":73,"column":34},"end":{"line":73,"column":46}},"line":73},"3":{"name":"(anonymous_3)","decl":{"start":{"line":76,"column":4},"end":{"line":76,"column":5}},"loc":{"start":{"line":76,"column":24},"end":{"line":85,"column":5}},"line":76},"4":{"name":"(anonymous_4)","decl":{"start":{"line":87,"column":3},"end":{"line":87,"column":4}},"loc":{"start":{"line":87,"column":23},"end":{"line":117,"column":5}},"line":87}},"branchMap":{"0":{"loc":{"start":{"line":4,"column":8},"end":{"line":4,"column":41}},"type":"if","locations":[{"start":{"line":4,"column":8},"end":{"line":4,"column":41}},{"start":{},"end":{}}],"line":4},"1":{"loc":{"start":{"line":5,"column":8},"end":{"line":7,"column":9}},"type":"if","locations":[{"start":{"line":5,"column":8},"end":{"line":7,"column":9}},{"start":{},"end":{}}],"line":5},"2":{"loc":{"start":{"line":5,"column":12},"end":{"line":5,"column":46}},"type":"binary-expr","locations":[{"start":{"line":5,"column":12},"end":{"line":5,"column":27}},{"start":{"line":5,"column":31},"end":{"line":5,"column":46}}],"line":5},"3":{"loc":{"start":{"line":15,"column":12},"end":{"line":35,"column":13}},"type":"if","locations":[{"start":{"line":15,"column":12},"end":{"line":35,"column":13}},{"start":{},"end":{}}],"line":15},"4":{"loc":{"start":{"line":17,"column":23},"end":{"line":17,"column":67}},"type":"binary-expr","locations":[{"start":{"line":17,"column":23},"end":{"line":17,"column":29}},{"start":{"line":17,"column":33},"end":{"line":17,"column":48}},{"start":{"line":17,"column":52},"end":{"line":17,"column":67}}],"line":17},"5":{"loc":{"start":{"line":18,"column":20},"end":{"line":20,"column":21}},"type":"if","locations":[{"start":{"line":18,"column":20},"end":{"line":20,"column":21}},{"start":{},"end":{}}],"line":18},"6":{"loc":{"start":{"line":18,"column":24},"end":{"line":18,"column":61}},"type":"binary-expr","locations":[{"start":{"line":18,"column":24},"end":{"line":18,"column":39}},{"start":{"line":18,"column":43},"end":{"line":18,"column":61}}],"line":18},"7":{"loc":{"start":{"line":29,"column":23},"end":{"line":29,"column":76}},"type":"binary-expr","locations":[{"start":{"line":29,"column":23},"end":{"line":29,"column":38}},{"start":{"line":29,"column":42},"end":{"line":29,"column":57}},{"start":{"line":29,"column":61},"end":{"line":29,"column":76}}],"line":29},"8":{"loc":{"start":{"line":43,"column":8},"end":{"line":43,"column":43}},"type":"if","locations":[{"start":{"line":43,"column":8},"end":{"line":43,"column":43}},{"start":{},"end":{}}],"line":43},"9":{"loc":{"start":{"line":48,"column":16},"end":{"line":52,"column":17}},"type":"if","locations":[{"start":{"line":48,"column":16},"end":{"line":52,"column":17}},{"start":{"line":50,"column":23},"end":{"line":52,"column":17}}],"line":48},"10":{"loc":{"start":{"line":55,"column":12},"end":{"line":68,"column":13}},"type":"if","locations":[{"start":{"line":55,"column":12},"end":{"line":68,"column":13}},{"start":{"line":66,"column":19},"end":{"line":68,"column":13}}],"line":55},"11":{"loc":{"start":{"line":56,"column":16},"end":{"line":60,"column":17}},"type":"if","locations":[{"start":{"line":56,"column":16},"end":{"line":60,"column":17}},{"start":{"line":58,"column":23},"end":{"line":60,"column":17}}],"line":56},"12":{"loc":{"start":{"line":61,"column":16},"end":{"line":65,"column":17}},"type":"if","locations":[{"start":{"line":61,"column":16},"end":{"line":65,"column":17}},{"start":{"line":63,"column":23},"end":{"line":65,"column":17}}],"line":61},"13":{"loc":{"start":{"line":77,"column":8},"end":{"line":77,"column":40}},"type":"if","locations":[{"start":{"line":77,"column":8},"end":{"line":77,"column":40}},{"start":{},"end":{}}],"line":77},"14":{"loc":{"start":{"line":93,"column":8},"end":{"line":93,"column":40}},"type":"if","locations":[{"start":{"line":93,"column":8},"end":{"line":93,"column":40}},{"start":{},"end":{}}],"line":93},"15":{"loc":{"start":{"line":94,"column":8},"end":{"line":94,"column":38}},"type":"if","locations":[{"start":{"line":94,"column":8},"end":{"line":94,"column":38}},{"start":{},"end":{}}],"line":94},"16":{"loc":{"start":{"line":98,"column":12},"end":{"line":100,"column":13}},"type":"if","locations":[{"start":{"line":98,"column":12},"end":{"line":100,"column":13}},{"start":{},"end":{}}],"line":98},"17":{"loc":{"start":{"line":112,"column":8},"end":{"line":115,"column":9}},"type":"if","locations":[{"start":{"line":112,"column":8},"end":{"line":115,"column":9}},{"start":{},"end":{}}],"line":112}},"s":{"0":12,"1":12,"2":1,"3":11,"4":8,"5":11,"6":11,"7":11,"8":11,"9":11,"10":11,"11":105,"12":19,"13":19,"14":59,"15":22,"16":59,"17":19,"18":19,"19":19,"20":19,"21":19,"22":19,"23":18,"24":18,"25":19,"26":19,"27":105,"28":11,"29":11,"30":2,"31":9,"32":9,"33":19,"34":19,"35":19,"36":22,"37":1,"38":21,"39":19,"40":19,"41":9,"42":4,"43":5,"44":9,"45":5,"46":4,"47":10,"48":9,"49":38,"50":10,"51":1,"52":9,"53":9,"54":9,"55":30,"56":30,"57":9,"58":10,"59":10,"60":10,"61":10,"62":10,"63":1,"64":9,"65":1,"66":8,"67":8,"68":105,"69":1,"70":7,"71":70,"72":1820,"73":1820,"74":7,"75":7,"76":7,"77":1,"78":6},"f":{"0":12,"1":11,"2":38,"3":10,"4":10},"b":{"0":[1,11],"1":[8,3],"2":[11,11],"3":[19,86],"4":[78,78,66],"5":[22,37],"6":[59,41],"7":[37,33,24],"8":[2,9],"9":[1,21],"10":[9,10],"11":[4,5],"12":[5,4],"13":[1,9],"14":[1,9],"15":[1,8],"16":[1,104],"17":[1,6]},"_coverageSchema":"1a1c01bbd47fc00a2c39e90264f33305004495a9","hash":"4c6b4b3c531e3a036670c74feb79a2df8d118497"}
}
