TN:
SF:src\miniMaple.js
FN:2,(anonymous_0)
FN:42,(anonymous_1)
FN:73,(anonymous_2)
FN:76,(anonymous_3)
FN:87,(anonymous_4)
FNF:5
FNH:5
FNDA:12,(anonymous_0)
FNDA:11,(anonymous_1)
FNDA:38,(anonymous_2)
FNDA:10,(anonymous_3)
FNDA:10,(anonymous_4)
DA:3,12
DA:4,12
DA:5,11
DA:6,8
DA:8,11
DA:9,11
DA:10,11
DA:11,11
DA:12,11
DA:14,11
DA:15,105
DA:16,19
DA:17,19
DA:18,59
DA:19,22
DA:21,59
DA:23,19
DA:24,19
DA:25,19
DA:26,19
DA:27,19
DA:29,19
DA:30,18
DA:31,18
DA:33,19
DA:34,19
DA:36,105
DA:39,11
DA:43,11
DA:44,9
DA:45,19
DA:46,19
DA:47,19
DA:48,22
DA:49,1
DA:51,21
DA:54,19
DA:55,19
DA:56,9
DA:57,4
DA:59,5
DA:61,9
DA:62,5
DA:64,4
DA:67,10
DA:73,38
DA:77,10
DA:78,9
DA:79,9
DA:80,9
DA:81,30
DA:82,30
DA:84,9
DA:88,10
DA:89,10
DA:90,10
DA:91,10
DA:93,10
DA:94,9
DA:96,8
DA:97,8
DA:98,105
DA:99,1
DA:103,7
DA:104,70
DA:105,1820
DA:106,1820
DA:110,7
DA:111,7
DA:112,7
DA:114,1
DA:116,6
LF:72
LH:72
BRDA:4,0,0,1
BRDA:4,0,1,11
BRDA:5,1,0,8
BRDA:5,1,1,3
BRDA:5,2,0,11
BRDA:5,2,1,11
BRDA:15,3,0,19
BRDA:15,3,1,86
BRDA:17,4,0,78
BRDA:17,4,1,78
BRDA:17,4,2,66
BRDA:18,5,0,22
BRDA:18,5,1,37
BRDA:18,6,0,59
BRDA:18,6,1,41
BRDA:29,7,0,37
BRDA:29,7,1,33
BRDA:29,7,2,24
BRDA:43,8,0,2
BRDA:43,8,1,9
BRDA:48,9,0,1
BRDA:48,9,1,21
BRDA:55,10,0,9
BRDA:55,10,1,10
BRDA:56,11,0,4
BRDA:56,11,1,5
BRDA:61,12,0,5
BRDA:61,12,1,4
BRDA:77,13,0,1
BRDA:77,13,1,9
BRDA:93,14,0,1
BRDA:93,14,1,9
BRDA:94,15,0,1
BRDA:94,15,1,8
BRDA:98,16,0,1
BRDA:98,16,1,104
BRDA:112,17,0,1
BRDA:112,17,1,6
BRF:38
BRH:38
end_of_record
